<?xml version="1.0" encoding="UTF-8"?>
<!-- Generated by org.testng.reporters.JUnitReportReporter -->
<testsuite skipped="0" hostname="BOUNCEs-MacBook-Pro-4.local" name="testcases.howzat_testcase1" tests="2" failures="0" timestamp="2019-12-24T11:49:40 IST" time="58.711" errors="0">
  <testcase name="registerUser" time="24.470" classname="testcases.howzat_testcase1"/>
  <testcase name="loginUser" time="34.241" classname="testcases.howzat_testcase1"/>
</testsuite> <!-- testcases.howzat_testcase1 -->
