<?xml version="1.0" encoding="UTF-8"?>
<!-- Generated by org.testng.reporters.JUnitReportReporter -->
<testsuite skipped="0" hostname="BOUNCEs-MacBook-Pro-4.local" name="testcases.loginScreen" tests="3" failures="0" timestamp="2019-12-23T21:54:33 IST" time="41.488" errors="0">
  <testcase name="downloadHowzatApp" time="11.414" classname="testcases.loginScreen"/>
  <testcase name="registerUser" time="10.828" classname="testcases.loginScreen"/>
  <testcase name="loginUser" time="19.246" classname="testcases.loginScreen"/>
</testsuite> <!-- testcases.loginScreen -->
